2/2/2018 2:23:44 PM, Info: Initializing SIMPLSharp Services...
2/2/2018 2:23:44 PM, Info: ProjectInfo successfully initialized.
2/2/2018 3:15:59 PM, Info: Validating assembly C:\Users\dsavage\Documents\Visual Studio 2008\Projects\SQL_Query\SQL_Query\bin\Debug\SQL_Query.dll...
2/2/2018 3:16:00 PM, Info: Verifying assembly C:\Users\dsavage\Documents\Visual Studio 2008\Projects\SQL_Query\SQL_Query\bin\Debug\SQL_Query.dll
2/2/2018 3:16:00 PM, Info: Creating Archive C:\Users\dsavage\Documents\Visual Studio 2008\Projects\SQL_Query\SQL_Query\bin\Debug\SQL_Query.clz...
2/2/2018 3:16:00 PM, Info: Saving project information...
2/2/2018 3:18:10 PM, Info: Validating assembly C:\Users\dsavage\Documents\Visual Studio 2008\Projects\SQL_Query\SQL_Query\bin\Debug\SQL_Query.dll...
2/2/2018 3:18:10 PM, Info: Verifying assembly C:\Users\dsavage\Documents\Visual Studio 2008\Projects\SQL_Query\SQL_Query\bin\Debug\SQL_Query.dll
2/2/2018 3:18:10 PM, Info: Creating Archive C:\Users\dsavage\Documents\Visual Studio 2008\Projects\SQL_Query\SQL_Query\bin\Debug\SQL_Query.clz...
2/2/2018 3:18:11 PM, Info: Saving project information...
2/2/2018 3:18:37 PM, Info: Validating assembly C:\Users\dsavage\Documents\Visual Studio 2008\Projects\SQL_Query\SQL_Query\bin\Debug\SQL_Query.dll...
2/2/2018 3:18:37 PM, Info: Verifying assembly C:\Users\dsavage\Documents\Visual Studio 2008\Projects\SQL_Query\SQL_Query\bin\Debug\SQL_Query.dll
2/2/2018 3:18:37 PM, Info: Creating Archive C:\Users\dsavage\Documents\Visual Studio 2008\Projects\SQL_Query\SQL_Query\bin\Debug\SQL_Query.clz...
2/2/2018 3:18:37 PM, Info: Saving project information...
2/2/2018 3:23:17 PM, Info: Validating assembly C:\Users\dsavage\Documents\Visual Studio 2008\Projects\SQL_Query\SQL_Query\bin\Debug\SQL_Query.dll...
2/2/2018 3:23:17 PM, Info: Verifying assembly C:\Users\dsavage\Documents\Visual Studio 2008\Projects\SQL_Query\SQL_Query\bin\Debug\SQL_Query.dll
2/2/2018 3:23:17 PM, Info: Creating Archive C:\Users\dsavage\Documents\Visual Studio 2008\Projects\SQL_Query\SQL_Query\bin\Debug\SQL_Query.clz...
2/2/2018 3:23:17 PM, Info: Saving project information...
2/2/2018 3:24:14 PM, Info: Validating assembly C:\Users\dsavage\Documents\Visual Studio 2008\Projects\SQL_Query\SQL_Query\bin\Debug\SQL_Query.dll...
2/2/2018 3:24:15 PM, Info: Verifying assembly C:\Users\dsavage\Documents\Visual Studio 2008\Projects\SQL_Query\SQL_Query\bin\Debug\SQL_Query.dll
2/2/2018 3:24:15 PM, Info: Creating Archive C:\Users\dsavage\Documents\Visual Studio 2008\Projects\SQL_Query\SQL_Query\bin\Debug\SQL_Query.clz...
2/2/2018 3:24:15 PM, Info: Saving project information...
2/2/2018 3:27:04 PM, Info: Initializing SIMPLSharp Services...
2/2/2018 3:27:04 PM, Info: ProjectInfo successfully initialized.
2/2/2018 3:27:16 PM, Info: Initializing SIMPLSharp Services...
2/2/2018 3:27:16 PM, Info: ProjectInfo successfully initialized.
2/2/2018 3:27:19 PM, Info: Saving project information...
2/2/2018 3:27:19 PM, Info: Saving project information...
2/2/2018 3:27:19 PM, Info: Saving project information...
2/2/2018 3:27:19 PM, Info: Saving project information...
2/2/2018 3:27:19 PM, Info: Saving project information...
2/2/2018 3:27:19 PM, Info: Saving project information...
2/2/2018 3:27:20 PM, Info: Validating assembly C:\Users\dsavage\Documents\Visual Studio 2008\Projects\SQL_Query\SQL_Query\bin\Debug\SQL_Query.dll...
2/2/2018 3:27:20 PM, Info: Verifying assembly C:\Users\dsavage\Documents\Visual Studio 2008\Projects\SQL_Query\SQL_Query\bin\Debug\SQL_Query.dll
2/2/2018 3:27:20 PM, Info: Creating Archive C:\Users\dsavage\Documents\Visual Studio 2008\Projects\SQL_Query\SQL_Query\bin\Debug\SQL_Query.clz...
2/2/2018 3:27:21 PM, Info: Saving project information...
2/2/2018 3:29:15 PM, Info: Terminating SIMPLSharp Services
2/2/2018 3:29:15 PM, Info: Saving project information...
2/2/2018 3:29:15 PM, Info: Terminating SIMPLSharp Services
2/2/2018 3:29:15 PM, Info: Saving project information...
2/2/2018 3:29:15 PM, Info: Terminating SIMPLSharp Services
