1/9/2018 9:08:38 AM, Info: Initializing SIMPLSharp Services...
1/9/2018 9:08:38 AM, Info: ProjectInfo successfully initialized.
1/9/2018 9:10:49 AM, Info: Initializing SIMPLSharp Services...
1/9/2018 9:10:49 AM, Info: ProjectInfo successfully initialized.
1/9/2018 9:10:49 AM, Info: Saving project information...
1/9/2018 9:10:49 AM, Info: Saving project information...
1/9/2018 9:10:49 AM, Info: Saving project information...
1/9/2018 9:10:49 AM, Info: Saving project information...
1/9/2018 9:10:49 AM, Info: Saving project information...
1/9/2018 9:10:49 AM, Info: Saving project information...
1/9/2018 9:11:48 AM, Info: Saving project information...
1/9/2018 9:11:48 AM, Info: Saving project information...
1/9/2018 9:11:48 AM, Info: Saving project information...
1/9/2018 9:11:48 AM, Info: Saving project information...
1/9/2018 9:11:48 AM, Info: Saving project information...
1/9/2018 9:11:48 AM, Info: Saving project information...
1/9/2018 9:11:49 AM, Info: Validating assembly C:\Users\dsavage\Documents\Visual Studio 2008\Projects\SQL_Query\SQL_Query\bin\Debug\SQL_Query.dll...
1/9/2018 9:11:50 AM, Info: Verifying assembly C:\Users\dsavage\Documents\Visual Studio 2008\Projects\SQL_Query\SQL_Query\bin\Debug\SQL_Query.dll
1/9/2018 9:11:50 AM, Info: Creating Archive C:\Users\dsavage\Documents\Visual Studio 2008\Projects\SQL_Query\SQL_Query\bin\Debug\SQL_Query.clz...
1/9/2018 9:11:50 AM, Info: Saving project information...
1/9/2018 9:11:53 AM, Info: Validating assembly C:\Users\dsavage\Documents\Visual Studio 2008\Projects\SQL_Query\SQL_Query\bin\Debug\SQL_Query.dll...
1/9/2018 9:11:53 AM, Info: Verifying assembly C:\Users\dsavage\Documents\Visual Studio 2008\Projects\SQL_Query\SQL_Query\bin\Debug\SQL_Query.dll
1/9/2018 9:11:53 AM, Info: Creating Archive C:\Users\dsavage\Documents\Visual Studio 2008\Projects\SQL_Query\SQL_Query\bin\Debug\SQL_Query.clz...
1/9/2018 9:11:53 AM, Info: Saving project information...
1/9/2018 11:26:54 AM, Info: Terminating SIMPLSharp Services
1/9/2018 11:26:54 AM, Info: Saving project information...
1/9/2018 11:26:54 AM, Info: Terminating SIMPLSharp Services
