2/2/2018 3:29:35 PM, Info: Initializing SIMPLSharp Services...
2/2/2018 3:29:36 PM, Info: ProjectInfo successfully initialized.
2/2/2018 3:30:26 PM, Info: Validating assembly C:\Users\dsavage\Documents\Visual Studio 2008\Projects\SQL_Query\SQL_Query\bin\Debug\SQL_Query.dll...
2/2/2018 3:30:26 PM, Info: Verifying assembly C:\Users\dsavage\Documents\Visual Studio 2008\Projects\SQL_Query\SQL_Query\bin\Debug\SQL_Query.dll
2/2/2018 3:30:26 PM, Info: Creating Archive C:\Users\dsavage\Documents\Visual Studio 2008\Projects\SQL_Query\SQL_Query\bin\Debug\SQL_Query.clz...
2/2/2018 3:30:27 PM, Info: Saving project information...
2/2/2018 3:52:03 PM, Info: Validating assembly C:\Users\dsavage\Documents\Visual Studio 2008\Projects\SQL_Query\SQL_Query\bin\Debug\SQL_Query.dll...
2/2/2018 3:52:03 PM, Info: Verifying assembly C:\Users\dsavage\Documents\Visual Studio 2008\Projects\SQL_Query\SQL_Query\bin\Debug\SQL_Query.dll
2/2/2018 3:52:03 PM, Info: Creating Archive C:\Users\dsavage\Documents\Visual Studio 2008\Projects\SQL_Query\SQL_Query\bin\Debug\SQL_Query.clz...
2/2/2018 3:52:04 PM, Info: Saving project information...
2/2/2018 3:56:36 PM, Info: Validating assembly C:\Users\dsavage\Documents\Visual Studio 2008\Projects\SQL_Query\SQL_Query\bin\Debug\SQL_Query.dll...
2/2/2018 3:56:36 PM, Info: Verifying assembly C:\Users\dsavage\Documents\Visual Studio 2008\Projects\SQL_Query\SQL_Query\bin\Debug\SQL_Query.dll
2/2/2018 3:56:37 PM, Info: Creating Archive C:\Users\dsavage\Documents\Visual Studio 2008\Projects\SQL_Query\SQL_Query\bin\Debug\SQL_Query.clz...
2/2/2018 3:56:37 PM, Info: Saving project information...
2/2/2018 4:28:08 PM, Info: Validating assembly C:\Users\dsavage\Documents\Visual Studio 2008\Projects\SQL_Query\SQL_Query\bin\Debug\SQL_Query.dll...
2/2/2018 4:28:08 PM, Info: Verifying assembly C:\Users\dsavage\Documents\Visual Studio 2008\Projects\SQL_Query\SQL_Query\bin\Debug\SQL_Query.dll
2/2/2018 4:28:08 PM, Info: Creating Archive C:\Users\dsavage\Documents\Visual Studio 2008\Projects\SQL_Query\SQL_Query\bin\Debug\SQL_Query.clz...
2/2/2018 4:28:08 PM, Info: Saving project information...
2/2/2018 4:39:36 PM, Info: Validating assembly C:\Users\dsavage\Documents\Visual Studio 2008\Projects\SQL_Query\SQL_Query\bin\Debug\SQL_Query.dll...
2/2/2018 4:39:36 PM, Info: Verifying assembly C:\Users\dsavage\Documents\Visual Studio 2008\Projects\SQL_Query\SQL_Query\bin\Debug\SQL_Query.dll
2/2/2018 4:39:36 PM, Info: Creating Archive C:\Users\dsavage\Documents\Visual Studio 2008\Projects\SQL_Query\SQL_Query\bin\Debug\SQL_Query.clz...
2/2/2018 4:39:37 PM, Info: Saving project information...
2/2/2018 5:03:20 PM, Info: Terminating SIMPLSharp Services
